chatkit-ui/build/intermediates/manifest_merge_blame_file/debug/manifest-merger-blame-debug-report.txt
1<?xml version="1.0" encoding="utf-8"?>
2<!--
3  ~ Copyright (c) 2022 NetEase, Inc. All rights reserved.
4  ~ Use of this source code is governed by a MIT license that can be
5  ~ found in the LICENSE file.
6-->
7<manifest xmlns:android="http://schemas.android.com/apk/res/android"
8    xmlns:tools="http://schemas.android.com/tools"
9    package="com.netease.yunxin.kit.chatkit.ui" >
10
11    <uses-sdk
12        android:minSdkVersion="21"
12-->src\main\AndroidManifest.xml
13        android:targetSdkVersion="30" />
13-->src\main\AndroidManifest.xml
14
15    <uses-permission android:name="android.permission.ACCESS_NETWORK_STATE" />
15-->src\main\AndroidManifest.xml:11:5-79
15-->src\main\AndroidManifest.xml:11:22-76
16    <!-- 获取运营商信息，用于支持提供运营商信息相关的接口 -->
17    <uses-permission android:name="android.permission.ACCESS_NETWORK_STATE" />
17-->src\main\AndroidManifest.xml:11:5-79
17-->src\main\AndroidManifest.xml:11:22-76
18    <!-- 用于访问wifi网络信息，wifi信息会用于进行网络定位 -->
19    <uses-permission android:name="android.permission.ACCESS_WIFI_STATE" />
19-->src\main\AndroidManifest.xml:15:5-75
19-->src\main\AndroidManifest.xml:15:22-73
20    <!-- 这个权限用于获取wifi的获取权限，wifi信息会用来进行网络定位 -->
21    <uses-permission android:name="android.permission.CHANGE_WIFI_STATE" />
21-->src\main\AndroidManifest.xml:17:5-75
21-->src\main\AndroidManifest.xml:17:22-73
22    <!-- 请求网络 -->
23    <uses-permission android:name="android.permission.INTERNET" />
23-->src\main\AndroidManifest.xml:18:19-80
23-->src\main\AndroidManifest.xml:18:36-78
24    <!-- 用于进行网络定位 -->
25    <uses-permission android:name="android.permission.ACCESS_COARSE_LOCATION" />
25-->src\main\AndroidManifest.xml:20:5-80
25-->src\main\AndroidManifest.xml:20:22-78
26    <!-- 可以提高室内定位的精确度 -->
27    <uses-permission android:name="android.permission.BLUETOOTH_ADMIN" />
27-->src\main\AndroidManifest.xml:22:5-73
27-->src\main\AndroidManifest.xml:22:22-71
28    <!-- 可以提高室内定位的精确度 -->
29    <uses-permission android:name="android.permission.BLUETOOTH" />
29-->src\main\AndroidManifest.xml:24:5-67
29-->src\main\AndroidManifest.xml:24:22-65
30    <!-- 用于访问GPS定位 -->
31    <uses-permission android:name="android.permission.ACCESS_FINE_LOCATION" />
31-->src\main\AndroidManifest.xml:26:5-78
31-->src\main\AndroidManifest.xml:26:22-76
32    <!-- 用于提高GPS定位速度 -->
33    <uses-permission android:name="android.permission.ACCESS_LOCATION_EXTRA_COMMANDS" />
33-->src\main\AndroidManifest.xml:28:5-88
33-->src\main\AndroidManifest.xml:28:22-86
34    <!-- 写入扩展存储，向扩展卡写入数据，用于写入缓存定位数据 -->
35    <uses-permission
35-->src\main\AndroidManifest.xml:30:5-31:40
36        android:name="android.permission.WRITE_EXTERNAL_STORAGE"
36-->src\main\AndroidManifest.xml:30:22-78
37        tools:ignore="ScopedStorage" />
37-->src\main\AndroidManifest.xml:31:9-37
38    <!-- 读取缓存数据 -->
39    <uses-permission android:name="android.permission.READ_EXTERNAL_STORAGE" />
39-->src\main\AndroidManifest.xml:33:5-80
39-->src\main\AndroidManifest.xml:33:22-77
40    <!-- 用于读取手机当前的状态 -->
41    <uses-permission android:name="android.permission.READ_PHONE_STATE" />
41-->src\main\AndroidManifest.xml:35:5-75
41-->src\main\AndroidManifest.xml:35:22-72
42
43    <application>
43-->src\main\AndroidManifest.xml:36:5-87:19
44        <provider
44-->src\main\AndroidManifest.xml:37:9-45:20
45            android:name="com.netease.yunxin.kit.corekit.startup.InitializationProvider"
45-->src\main\AndroidManifest.xml:38:13-89
46            android:authorities="${applicationId}.xkit-startup"
46-->src\main\AndroidManifest.xml:39:13-64
47            android:exported="false"
47-->src\main\AndroidManifest.xml:40:13-37
48            tools:node="merge" >
48-->src\main\AndroidManifest.xml:41:13-31
49            <meta-data
49-->src\main\AndroidManifest.xml:42:13-44:48
50                android:name="com.netease.yunxin.kit.chatkit.ui.ChatUIService"
50-->src\main\AndroidManifest.xml:43:17-79
51                android:value="xkit.startup" />
51-->src\main\AndroidManifest.xml:44:17-45
52        </provider>
53
54        <activity
54-->src\main\AndroidManifest.xml:47:9-50:47
55            android:name="com.netease.yunxin.kit.chatkit.ui.page.ChatP2PActivity"
55-->src\main\AndroidManifest.xml:48:13-82
56            android:launchMode="singleTask"
56-->src\main\AndroidManifest.xml:50:13-44
57            android:screenOrientation="portrait" />
57-->src\main\AndroidManifest.xml:49:13-49
58        <activity
58-->src\main\AndroidManifest.xml:52:9-55:47
59            android:name="com.netease.yunxin.kit.chatkit.ui.page.ChatTeamActivity"
59-->src\main\AndroidManifest.xml:53:13-83
60            android:launchMode="singleTask"
60-->src\main\AndroidManifest.xml:55:13-44
61            android:screenOrientation="portrait" />
61-->src\main\AndroidManifest.xml:54:13-49
62        <activity
62-->src\main\AndroidManifest.xml:57:9-60:46
63            android:name="com.netease.yunxin.kit.chatkit.ui.page.ChatSettingActivity"
63-->src\main\AndroidManifest.xml:58:13-86
64            android:launchMode="singleTop"
64-->src\main\AndroidManifest.xml:60:13-43
65            android:screenOrientation="portrait" />
65-->src\main\AndroidManifest.xml:59:13-49
66        <activity
66-->src\main\AndroidManifest.xml:62:9-65:46
67            android:name="com.netease.yunxin.kit.chatkit.ui.page.ChatMessageAckActivity"
67-->src\main\AndroidManifest.xml:63:13-89
68            android:launchMode="singleTop"
68-->src\main\AndroidManifest.xml:65:13-43
69            android:screenOrientation="portrait" />
69-->src\main\AndroidManifest.xml:64:13-49
70        <activity
70-->src\main\AndroidManifest.xml:67:9-70:46
71            android:name="com.netease.yunxin.kit.chatkit.ui.page.ChatSearchActivity"
71-->src\main\AndroidManifest.xml:68:13-85
72            android:launchMode="singleTop"
72-->src\main\AndroidManifest.xml:70:13-43
73            android:screenOrientation="portrait" />
73-->src\main\AndroidManifest.xml:69:13-49
74        <activity
74-->src\main\AndroidManifest.xml:72:9-75:66
75            android:name="com.netease.yunxin.kit.chatkit.ui.page.WatchImageActivity"
75-->src\main\AndroidManifest.xml:73:13-85
76            android:screenOrientation="portrait"
76-->src\main\AndroidManifest.xml:74:13-49
77            android:theme="@style/Theme.AppCompat.NoActionBar" />
77-->src\main\AndroidManifest.xml:75:13-63
78        <activity
78-->src\main\AndroidManifest.xml:77:9-80:66
79            android:name="com.netease.yunxin.kit.chatkit.ui.page.WatchVideoActivity"
79-->src\main\AndroidManifest.xml:78:13-85
80            android:screenOrientation="portrait"
80-->src\main\AndroidManifest.xml:79:13-49
81            android:theme="@style/Theme.AppCompat.NoActionBar" />
81-->src\main\AndroidManifest.xml:80:13-63
82        <activity
82-->src\main\AndroidManifest.xml:82:9-86:57
83            android:name="com.netease.yunxin.kit.chatkit.ui.page.LocationPageActivity"
83-->src\main\AndroidManifest.xml:83:13-87
84            android:screenOrientation="portrait"
84-->src\main\AndroidManifest.xml:84:13-49
85            android:theme="@style/Theme.AppCompat.NoActionBar"
85-->src\main\AndroidManifest.xml:85:13-63
86            android:windowSoftInputMode="adjustResize" />
86-->src\main\AndroidManifest.xml:86:13-55
87    </application>
88
89</manifest>